Arguments: 
  /Users/lauracoalla/.nvm/versions/node/v10.15.3/bin/node /Users/lauracoalla/.yarn/bin/yarn.js

PATH: 
  /Users/lauracoalla/.yarn/bin:/Users/lauracoalla/.config/yarn/global/node_modules/.bin:/Users/lauracoalla/.nvm/versions/node/v10.15.3/bin:/usr/local/opt/ruby/bin:/Users/lauracoalla/Applications/mongodb/bin:/Users/lauracoalla/bin:/usr/local/bin:/usr/bin:/bin:/usr/sbin:/sbin:/Applications/Visual Studio Code.app/Contents/Resources/app/bin:/Applications/Docker.app/Contents/Resources/bin/docker:/Users/lauracoalla/Library/Android/sdk/emulator:/Users/lauracoalla/Library/Android/sdk/tools:/Users/lauracoalla/Library/Android/sdk/tools/bin:/Users/lauracoalla/Library/Android/sdk/platform-tools

Yarn version: 
  1.19.2

Node version: 
  10.15.3

Platform: 
  darwin x64

Trace: 
  SyntaxError: /Users/lauracoalla/Documents/Projects/react-layouts/package.json: Unexpected token } in JSON at position 2084
      at JSON.parse (<anonymous>)
      at /Users/lauracoalla/.yarn/lib/cli.js:1625:59
      at Generator.next (<anonymous>)
      at step (/Users/lauracoalla/.yarn/lib/cli.js:304:30)
      at /Users/lauracoalla/.yarn/lib/cli.js:315:13

npm manifest: 
  {
      "name": "react-layouts",
      "version": "0.0.1",
      "description": "Layouts and components using style-components",
      "main": "dist/index.js",
      "module": "dist/index.es.js",
      "jsnext:main": "dist/index.es.js",
      "engines": {
        "node": ">=8",
        "npm": ">=5"
      },
      "scripts": {
          "copy": "rm -rf dist/cjs/* && rm -rf dist/umd/* && cp README.md dist",
          "build": "npm run copy && rollup -c && npm run mincss && rm -rf dist/cjs/react-pdf-viewer.less dist/umd/react-pdf-viewer.less",
          "mincss": "postcss dist/cjs/react-pdf-viewer.css > dist/cjs/react-pdf-viewer.min.css && postcss dist/umd/react-pdf-viewer.css > dist/umd/react-pdf-viewer.min.css",
          "dev": "npm run copy && rollup -c rollup.dev.config.js -w",
          "lint": "eslint src/**/*.ts src/**/*.tsx",
          "typecheck": "tsc --noEmit --watch"
      },
      "repository": {
        "type": "git",
        "url": "git+https://github.com/laurazenc/react-layouts.git"
      },
      "keywords": [
        "react",
        "styled-components",
        "atomic design"
      ],
      "author": "laurazenc",
      "license": "ISC",
      "bugs": {
        "url": "https://github.com/laurazenc/react-layouts/issues"
      },
      "homepage": "https://github.com/laurazenc/react-layouts#readme",
      "dependencies": {
        "react": "^16.12.0",
        "react-dom": "^16.12.0"
      },
      "devDependencies": {
          "@babel/core": "^7.8.3",
          "@babel/preset-env": "^7.8.3",
          "@babel/preset-react": "^7.7.4",
          "rimraf": "^3.0.0",
          "rollup": "^1.30.1",
          "rollup-plugin-less": "^1.1.2",
          "rollup-plugin-less-modules": "^0.1.11",
          "rollup-plugin-terser": "^5.2.0",
          "typescript": "^3.7.5",
          "@rollup/plugin-json": "^4.0.1",
          "@rollup/plugin-typescript": "^3.0.0",
          "@types/react": "^16.9.19",
          "@types/react-dom": "^16.9.5",
          "@typescript-eslint/eslint-plugin": "^2.22.0",
          "@typescript-eslint/parser": "^2.22.0",
          "cssnano": "^4.1.10",
          "eslint": "^6.8.0",
          "eslint-plugin-react": "^7.19.0",
      },
      "files": [
        "dist"
      ],
      "jest": {
        "setupFiles": [
          "<rootDir>/setupFile.js"
        ]
      }
    }

yarn manifest: 
  No manifest

Lockfile: 
  No lockfile
